2013/01/25 00:49:58 [error] [exception.CDbException] exception 'CDbException' with message 'CDbConnection failed to open the DB connection: SQLSTATE[28000] [1045] Access denied for user 'root'@'localhost' (using password: NO)' in /var/www/yii/framework/db/CDbConnection.php:381
Stack trace:
#0 /var/www/yii/framework/db/CDbConnection.php(330): CDbConnection->open()
#1 /var/www/yii/framework/db/CDbConnection.php(308): CDbConnection->setActive(true)
#2 /var/www/yii/framework/base/CModule.php(387): CDbConnection->init()
#3 /var/www/yii/framework/base/CModule.php(103): CModule->getComponent('db')
#4 /var/www/yii/framework/gii/generators/model/ModelCode.php(57): CModule->__get('db')
#5 /var/www/yii/framework/web/CFormModel.php(39): ModelCode->init()
#6 /var/www/yii/framework/gii/CCodeGenerator.php(153): CFormModel->__construct()
#7 /var/www/yii/framework/gii/CCodeGenerator.php(63): CCodeGenerator->prepare()
#8 /var/www/yii/framework/web/actions/CInlineAction.php(49): CCodeGenerator->actionIndex()
#9 /var/www/yii/framework/web/CController.php(308): CInlineAction->runWithParams(Array)
#10 /var/www/yii/framework/web/CController.php(286): CController->runAction(Object(CInlineAction))
#11 /var/www/yii/framework/web/CController.php(265): CController->runActionWithFilters(Object(CInlineAction), Array)
#12 /var/www/yii/framework/web/CWebApplication.php(282): CController->run('')
#13 /var/www/yii/framework/web/CWebApplication.php(141): CWebApplication->runController('gii/model')
#14 /var/www/yii/framework/base/CApplication.php(169): CWebApplication->processRequest()
#15 /var/www/login/index.php(13): CApplication->run()
#16 {main}
REQUEST_URI=/login/index.php/gii/model
HTTP_REFERER=http://localhost/login/index.php/gii/default/index
---
2013/01/25 00:53:03 [error] [exception.CHttpException.404] exception 'CHttpException' with message 'Unable to resolve the request "userProfileForm".' in /var/www/yii/framework/web/CWebApplication.php:286
Stack trace:
#0 /var/www/yii/framework/web/CWebApplication.php(141): CWebApplication->runController('userProfileForm')
#1 /var/www/yii/framework/base/CApplication.php(169): CWebApplication->processRequest()
#2 /var/www/login/index.php(13): CApplication->run()
#3 {main}
REQUEST_URI=/login/index.php/userProfileForm
HTTP_REFERER=http://localhost/login/index.php/gii/crud
---
2013/01/25 00:54:12 [error] [exception.CHttpException.404] exception 'CHttpException' with message 'Unable to resolve the request "userProfileForm".' in /var/www/yii/framework/web/CWebApplication.php:286
Stack trace:
#0 /var/www/yii/framework/web/CWebApplication.php(141): CWebApplication->runController('userProfileForm')
#1 /var/www/yii/framework/base/CApplication.php(169): CWebApplication->processRequest()
#2 /var/www/login/index.php(13): CApplication->run()
#3 {main}
REQUEST_URI=/login/index.php/userProfileForm?view=create
---
2013/01/25 00:56:46 [error] [exception.CHttpException.404] exception 'CHttpException' with message 'Unable to resolve the request "userProfile".' in /var/www/yii/framework/web/CWebApplication.php:286
Stack trace:
#0 /var/www/yii/framework/web/CWebApplication.php(141): CWebApplication->runController('userProfile')
#1 /var/www/yii/framework/base/CApplication.php(169): CWebApplication->processRequest()
#2 /var/www/login/index.php(13): CApplication->run()
#3 {main}
REQUEST_URI=/login/index.php/userProfile
HTTP_REFERER=http://localhost/login/index.php/gii/crud
---
2013/01/25 00:57:10 [error] [exception.CHttpException.404] exception 'CHttpException' with message 'Unable to resolve the request "userProfile".' in /var/www/yii/framework/web/CWebApplication.php:286
Stack trace:
#0 /var/www/yii/framework/web/CWebApplication.php(141): CWebApplication->runController('userProfile')
#1 /var/www/yii/framework/base/CApplication.php(169): CWebApplication->processRequest()
#2 /var/www/login/index.php(13): CApplication->run()
#3 {main}
REQUEST_URI=/login/index.php/userProfile
HTTP_REFERER=http://localhost/login/index.php/gii/crud
---
2013/01/27 14:01:32 [error] [exception.CHttpException.404] exception 'CHttpException' with message 'The system is unable to find the requested action "login".' in /var/www/yii/framework/web/CController.php:483
Stack trace:
#0 /var/www/yii/framework/web/CController.php(270): CController->missingAction('login')
#1 /var/www/yii/framework/web/CWebApplication.php(282): CController->run('login')
#2 /var/www/yii/framework/web/CWebApplication.php(141): CWebApplication->runController('site/login')
#3 /var/www/yii/framework/base/CApplication.php(169): CWebApplication->processRequest()
#4 /var/www/login/index.php(13): CApplication->run()
#5 {main}
REQUEST_URI=/login/index.php/site/login
---
2013/01/27 20:13:31 [error] [exception.CHttpException.404] exception 'CHttpException' with message 'Unable to resolve the request "http://localhost/verientouch".' in /var/www/yii/framework/web/CWebApplication.php:286
Stack trace:
#0 /var/www/yii/framework/web/CWebApplication.php(141): CWebApplication->runController('http://localhos...')
#1 /var/www/yii/framework/base/CApplication.php(169): CWebApplication->processRequest()
#2 /var/www/login/index.php(13): CApplication->run()
#3 {main}
REQUEST_URI=/login/index.php/http://localhost/verientouch
HTTP_REFERER=http://localhost/login/
---
2013/01/27 20:17:27 [error] [php] Undefined variable: id (/var/www/login/protected/views/site/login.php:61)
Stack trace:
#0 /var/www/yii/framework/web/CController.php(869): SiteController->renderFile()
#1 /var/www/yii/framework/web/CController.php(782): SiteController->renderPartial()
#2 /var/www/login/protected/controllers/SiteController.php(61): SiteController->render()
#3 /var/www/login/protected/controllers/SiteController.php(38): SiteController->actionLogin()
#4 /var/www/yii/framework/web/actions/CInlineAction.php(49): SiteController->actionIndex()
#5 /var/www/yii/framework/web/CController.php(308): CInlineAction->runWithParams()
#6 /var/www/yii/framework/web/CController.php(286): SiteController->runAction()
#7 /var/www/yii/framework/web/CController.php(265): SiteController->runActionWithFilters()
#8 /var/www/yii/framework/web/CWebApplication.php(282): SiteController->run()
#9 /var/www/yii/framework/web/CWebApplication.php(141): CWebApplication->runController()
#10 /var/www/yii/framework/base/CApplication.php(169): CWebApplication->processRequest()
#11 /var/www/login/index.php(13): CWebApplication->run()
REQUEST_URI=/login/
in /var/www/login/protected/views/site/login.php (61)
in /var/www/login/protected/controllers/SiteController.php (61)
in /var/www/login/protected/controllers/SiteController.php (38)
2013/01/27 20:17:28 [error] [php] Undefined variable: id (/var/www/login/protected/views/site/login.php:61)
Stack trace:
#0 /var/www/yii/framework/web/CController.php(869): SiteController->renderFile()
#1 /var/www/yii/framework/web/CController.php(782): SiteController->renderPartial()
#2 /var/www/login/protected/controllers/SiteController.php(61): SiteController->render()
#3 /var/www/login/protected/controllers/SiteController.php(38): SiteController->actionLogin()
#4 /var/www/yii/framework/web/actions/CInlineAction.php(49): SiteController->actionIndex()
#5 /var/www/yii/framework/web/CController.php(308): CInlineAction->runWithParams()
#6 /var/www/yii/framework/web/CController.php(286): SiteController->runAction()
#7 /var/www/yii/framework/web/CController.php(265): SiteController->runActionWithFilters()
#8 /var/www/yii/framework/web/CWebApplication.php(282): SiteController->run()
#9 /var/www/yii/framework/web/CWebApplication.php(141): CWebApplication->runController()
#10 /var/www/yii/framework/base/CApplication.php(169): CWebApplication->processRequest()
#11 /var/www/login/index.php(13): CWebApplication->run()
REQUEST_URI=/login/
in /var/www/login/protected/views/site/login.php (61)
in /var/www/login/protected/controllers/SiteController.php (61)
in /var/www/login/protected/controllers/SiteController.php (38)
2013/01/27 20:17:29 [error] [php] Undefined variable: id (/var/www/login/protected/views/site/login.php:61)
Stack trace:
#0 /var/www/yii/framework/web/CController.php(869): SiteController->renderFile()
#1 /var/www/yii/framework/web/CController.php(782): SiteController->renderPartial()
#2 /var/www/login/protected/controllers/SiteController.php(61): SiteController->render()
#3 /var/www/login/protected/controllers/SiteController.php(38): SiteController->actionLogin()
#4 /var/www/yii/framework/web/actions/CInlineAction.php(49): SiteController->actionIndex()
#5 /var/www/yii/framework/web/CController.php(308): CInlineAction->runWithParams()
#6 /var/www/yii/framework/web/CController.php(286): SiteController->runAction()
#7 /var/www/yii/framework/web/CController.php(265): SiteController->runActionWithFilters()
#8 /var/www/yii/framework/web/CWebApplication.php(282): SiteController->run()
#9 /var/www/yii/framework/web/CWebApplication.php(141): CWebApplication->runController()
#10 /var/www/yii/framework/base/CApplication.php(169): CWebApplication->processRequest()
#11 /var/www/login/index.php(13): CWebApplication->run()
REQUEST_URI=/login/
in /var/www/login/protected/views/site/login.php (61)
in /var/www/login/protected/controllers/SiteController.php (61)
in /var/www/login/protected/controllers/SiteController.php (38)
2013/01/27 20:17:53 [error] [exception.CHttpException.404] exception 'CHttpException' with message 'Unable to resolve the request "localhost/verientouch".' in /var/www/yii/framework/web/CWebApplication.php:286
Stack trace:
#0 /var/www/yii/framework/web/CWebApplication.php(141): CWebApplication->runController('localhost/verie...')
#1 /var/www/yii/framework/base/CApplication.php(169): CWebApplication->processRequest()
#2 /var/www/login/index.php(13): CApplication->run()
#3 {main}
REQUEST_URI=/login/index.php/localhost/verientouch
HTTP_REFERER=http://localhost/login/
---
2013/01/27 20:18:17 [error] [exception.CHttpException.404] exception 'CHttpException' with message 'Unable to resolve the request "http://localhost/verientouch".' in /var/www/yii/framework/web/CWebApplication.php:286
Stack trace:
#0 /var/www/yii/framework/web/CWebApplication.php(141): CWebApplication->runController('http://localhos...')
#1 /var/www/yii/framework/base/CApplication.php(169): CWebApplication->processRequest()
#2 /var/www/login/index.php(13): CApplication->run()
#3 {main}
REQUEST_URI=/login/index.php/http://localhost/verientouch
HTTP_REFERER=http://localhost/login/
---
2013/01/27 21:25:20 [error] [php] Use of undefined constant CHttpRequest - assumed 'CHttpRequest' (/var/www/login/protected/controllers/SiteController.php:59)
Stack trace:
#0 /var/www/yii/framework/web/CController.php(308): CInlineAction->runWithParams()
#1 /var/www/yii/framework/web/CController.php(286): SiteController->runAction()
#2 /var/www/yii/framework/web/CController.php(265): SiteController->runActionWithFilters()
#3 /var/www/yii/framework/web/CWebApplication.php(282): SiteController->run()
#4 /var/www/yii/framework/web/CWebApplication.php(141): CWebApplication->runController()
#5 /var/www/yii/framework/base/CApplication.php(169): CWebApplication->processRequest()
#6 /var/www/login/index.php(13): CWebApplication->run()
REQUEST_URI=/login/
in /var/www/login/protected/controllers/SiteController.php (59)
in /var/www/login/protected/controllers/SiteController.php (38)
in /var/www/login/index.php (13)
2013/01/28 23:39:06 [error] [system.db.CDbCommand] CDbCommand::fetch() failed: SQLSTATE[42S22]: Column not found: 1054 Unknown column 'demo' in 'where clause'. The SQL statement executed was: SELECT `PASSWORD`
FROM `user_profile`
WHERE USER_NAME=demo.
in /var/www/login/protected/components/UserIdentity.php (42)
in /var/www/login/protected/components/UserIdentity.php (23)
in /var/www/login/protected/models/LoginForm.php (52)
2013/01/28 23:39:06 [error] [exception.CDbException] exception 'CDbException' with message 'CDbCommand failed to execute the SQL statement: SQLSTATE[42S22]: Column not found: 1054 Unknown column 'demo' in 'where clause'. The SQL statement executed was: SELECT `PASSWORD`
FROM `user_profile`
WHERE USER_NAME=demo' in /var/www/yii/framework/db/CDbCommand.php:541
Stack trace:
#0 /var/www/yii/framework/db/CDbCommand.php(414): CDbCommand->queryInternal('fetch', Array, Array)
#1 /var/www/login/protected/components/UserIdentity.php(42): CDbCommand->queryRow()
#2 /var/www/login/protected/components/UserIdentity.php(23): UserIdentity->checkForAuthenticUser()
#3 /var/www/login/protected/models/LoginForm.php(52): UserIdentity->authenticate()
#4 /var/www/yii/framework/validators/CInlineValidator.php(42): LoginForm->authenticate('password', Array)
#5 /var/www/yii/framework/validators/CValidator.php(213): CInlineValidator->validateAttribute(Object(LoginForm), 'password')
#6 /var/www/yii/framework/base/CModel.php(159): CValidator->validate(Object(LoginForm), NULL)
#7 /var/www/login/protected/controllers/SiteController.php(58): CModel->validate()
#8 /var/www/login/protected/controllers/SiteController.php(38): SiteController->actionLogin()
#9 /var/www/yii/framework/web/actions/CInlineAction.php(49): SiteController->actionIndex()
#10 /var/www/yii/framework/web/CController.php(308): CInlineAction->runWithParams(Array)
#11 /var/www/yii/framework/web/CController.php(286): CController->runAction(Object(CInlineAction))
#12 /var/www/yii/framework/web/CController.php(265): CController->runActionWithFilters(Object(CInlineAction), Array)
#13 /var/www/yii/framework/web/CWebApplication.php(282): CController->run('')
#14 /var/www/yii/framework/web/CWebApplication.php(141): CWebApplication->runController('')
#15 /var/www/yii/framework/base/CApplication.php(169): CWebApplication->processRequest()
#16 /var/www/login/index.php(13): CApplication->run()
#17 {main}
REQUEST_URI=/login/
HTTP_REFERER=http://localhost/login/
---
2013/01/28 23:42:52 [error] [system.db.CDbCommand] CDbCommand::fetch() failed: SQLSTATE[42000]: Syntax error or access violation: 1064 You have an error in your SQL syntax; check the manual that corresponds to your MySQL server version for the right syntax to use near '>username' at line 3. The SQL statement executed was: SELECT `PASSWORD`
FROM `user_profile`
WHERE USER_NAME=$this->username.
in /var/www/login/protected/components/UserIdentity.php (42)
in /var/www/login/protected/components/UserIdentity.php (23)
in /var/www/login/protected/models/LoginForm.php (52)
2013/01/28 23:42:52 [error] [exception.CDbException] exception 'CDbException' with message 'CDbCommand failed to execute the SQL statement: SQLSTATE[42000]: Syntax error or access violation: 1064 You have an error in your SQL syntax; check the manual that corresponds to your MySQL server version for the right syntax to use near '>username' at line 3. The SQL statement executed was: SELECT `PASSWORD`
FROM `user_profile`
WHERE USER_NAME=$this->username' in /var/www/yii/framework/db/CDbCommand.php:541
Stack trace:
#0 /var/www/yii/framework/db/CDbCommand.php(414): CDbCommand->queryInternal('fetch', Array, Array)
#1 /var/www/login/protected/components/UserIdentity.php(42): CDbCommand->queryRow()
#2 /var/www/login/protected/components/UserIdentity.php(23): UserIdentity->checkForAuthenticUser()
#3 /var/www/login/protected/models/LoginForm.php(52): UserIdentity->authenticate()
#4 /var/www/yii/framework/validators/CInlineValidator.php(42): LoginForm->authenticate('password', Array)
#5 /var/www/yii/framework/validators/CValidator.php(213): CInlineValidator->validateAttribute(Object(LoginForm), 'password')
#6 /var/www/yii/framework/base/CModel.php(159): CValidator->validate(Object(LoginForm), NULL)
#7 /var/www/login/protected/controllers/SiteController.php(58): CModel->validate()
#8 /var/www/login/protected/controllers/SiteController.php(38): SiteController->actionLogin()
#9 /var/www/yii/framework/web/actions/CInlineAction.php(49): SiteController->actionIndex()
#10 /var/www/yii/framework/web/CController.php(308): CInlineAction->runWithParams(Array)
#11 /var/www/yii/framework/web/CController.php(286): CController->runAction(Object(CInlineAction))
#12 /var/www/yii/framework/web/CController.php(265): CController->runActionWithFilters(Object(CInlineAction), Array)
#13 /var/www/yii/framework/web/CWebApplication.php(282): CController->run('')
#14 /var/www/yii/framework/web/CWebApplication.php(141): CWebApplication->runController('')
#15 /var/www/yii/framework/base/CApplication.php(169): CWebApplication->processRequest()
#16 /var/www/login/index.php(13): CApplication->run()
#17 {main}
REQUEST_URI=/login/
HTTP_REFERER=http://localhost/login/
---
2013/01/28 23:43:43 [error] [system.db.CDbCommand] CDbCommand::fetch() failed: SQLSTATE[42S22]: Column not found: 1054 Unknown column 'demo' in 'where clause'. The SQL statement executed was: SELECT `PASSWORD`
FROM `user_profile`
WHERE USER_NAME=demo.
in /var/www/login/protected/components/UserIdentity.php (42)
in /var/www/login/protected/components/UserIdentity.php (23)
in /var/www/login/protected/models/LoginForm.php (52)
2013/01/28 23:43:43 [error] [exception.CDbException] exception 'CDbException' with message 'CDbCommand failed to execute the SQL statement: SQLSTATE[42S22]: Column not found: 1054 Unknown column 'demo' in 'where clause'. The SQL statement executed was: SELECT `PASSWORD`
FROM `user_profile`
WHERE USER_NAME=demo' in /var/www/yii/framework/db/CDbCommand.php:541
Stack trace:
#0 /var/www/yii/framework/db/CDbCommand.php(414): CDbCommand->queryInternal('fetch', Array, Array)
#1 /var/www/login/protected/components/UserIdentity.php(42): CDbCommand->queryRow()
#2 /var/www/login/protected/components/UserIdentity.php(23): UserIdentity->checkForAuthenticUser()
#3 /var/www/login/protected/models/LoginForm.php(52): UserIdentity->authenticate()
#4 /var/www/yii/framework/validators/CInlineValidator.php(42): LoginForm->authenticate('password', Array)
#5 /var/www/yii/framework/validators/CValidator.php(213): CInlineValidator->validateAttribute(Object(LoginForm), 'password')
#6 /var/www/yii/framework/base/CModel.php(159): CValidator->validate(Object(LoginForm), NULL)
#7 /var/www/login/protected/controllers/SiteController.php(58): CModel->validate()
#8 /var/www/login/protected/controllers/SiteController.php(38): SiteController->actionLogin()
#9 /var/www/yii/framework/web/actions/CInlineAction.php(49): SiteController->actionIndex()
#10 /var/www/yii/framework/web/CController.php(308): CInlineAction->runWithParams(Array)
#11 /var/www/yii/framework/web/CController.php(286): CController->runAction(Object(CInlineAction))
#12 /var/www/yii/framework/web/CController.php(265): CController->runActionWithFilters(Object(CInlineAction), Array)
#13 /var/www/yii/framework/web/CWebApplication.php(282): CController->run('')
#14 /var/www/yii/framework/web/CWebApplication.php(141): CWebApplication->runController('')
#15 /var/www/yii/framework/base/CApplication.php(169): CWebApplication->processRequest()
#16 /var/www/login/index.php(13): CApplication->run()
#17 {main}
REQUEST_URI=/login/
HTTP_REFERER=http://localhost/login/
---
2013/01/28 23:50:01 [error] [php] Array to string conversion (/var/www/yii/framework/YiiBase.php:470)
Stack trace:
#0 /var/www/login/protected/components/UserIdentity.php(23): UserIdentity->checkForAuthenticUser()
#1 /var/www/login/protected/models/LoginForm.php(52): UserIdentity->authenticate()
#2 /var/www/yii/framework/validators/CInlineValidator.php(42): LoginForm->authenticate()
#3 /var/www/yii/framework/validators/CValidator.php(213): CInlineValidator->validateAttribute()
#4 /var/www/yii/framework/base/CModel.php(159): CInlineValidator->validate()
#5 /var/www/login/protected/controllers/SiteController.php(58): LoginForm->validate()
#6 /var/www/login/protected/controllers/SiteController.php(38): SiteController->actionLogin()
#7 /var/www/yii/framework/web/actions/CInlineAction.php(49): SiteController->actionIndex()
#8 /var/www/yii/framework/web/CController.php(308): CInlineAction->runWithParams()
#9 /var/www/yii/framework/web/CController.php(286): SiteController->runAction()
#10 /var/www/yii/framework/web/CController.php(265): SiteController->runActionWithFilters()
#11 /var/www/yii/framework/web/CWebApplication.php(282): SiteController->run()
#12 /var/www/yii/framework/web/CWebApplication.php(141): CWebApplication->runController()
#13 /var/www/yii/framework/base/CApplication.php(169): CWebApplication->processRequest()
#14 /var/www/login/index.php(13): CWebApplication->run()
REQUEST_URI=/login/
in /var/www/login/protected/components/UserIdentity.php (43)
in /var/www/login/protected/components/UserIdentity.php (23)
in /var/www/login/protected/models/LoginForm.php (52)
2013/01/28 23:58:01 [error] [exception.CDbException] exception 'CDbException' with message 'CDbConnection failed to open the DB connection: could not find driver' in /var/www/yii/framework/db/CDbConnection.php:381
Stack trace:
#0 /var/www/yii/framework/db/CDbConnection.php(330): CDbConnection->open()
#1 /var/www/yii/framework/web/CDbHttpSession.php(185): CDbConnection->setActive(true)
#2 [internal function]: CDbHttpSession->openSession('/var/lib/php5', 'PHPSESSID')
#3 /var/www/yii/framework/web/CHttpSession.php(118): session_start()
#4 /var/www/yii/framework/web/CHttpSession.php(92): CHttpSession->open()
#5 /var/www/yii/framework/base/CModule.php(387): CHttpSession->init()
#6 /var/www/yii/framework/web/CWebApplication.php(201): CModule->getComponent('session')
#7 /var/www/yii/framework/web/auth/CWebUser.php(193): CWebApplication->getSession()
#8 /var/www/yii/framework/base/CModule.php(387): CWebUser->init()
#9 /var/www/yii/framework/base/CModule.php(103): CModule->getComponent('user')
#10 /var/www/login/protected/models/LoginForm.php(71): CModule->__get('user')
#11 /var/www/login/protected/controllers/SiteController.php(58): LoginForm->login()
#12 /var/www/login/protected/controllers/SiteController.php(38): SiteController->actionLogin()
#13 /var/www/yii/framework/web/actions/CInlineAction.php(49): SiteController->actionIndex()
#14 /var/www/yii/framework/web/CController.php(308): CInlineAction->runWithParams(Array)
#15 /var/www/yii/framework/web/CController.php(286): CController->runAction(Object(CInlineAction))
#16 /var/www/yii/framework/web/CController.php(265): CController->runActionWithFilters(Object(CInlineAction), Array)
#17 /var/www/yii/framework/web/CWebApplication.php(282): CController->run('')
#18 /var/www/yii/framework/web/CWebApplication.php(141): CWebApplication->runController('')
#19 /var/www/yii/framework/base/CApplication.php(169): CWebApplication->processRequest()
#20 /var/www/login/index.php(13): CApplication->run()
#21 {main}
REQUEST_URI=/login/
HTTP_REFERER=http://localhost/login/
---
2013/01/29 00:03:57 [error] [exception.CDbException] exception 'CDbException' with message 'CDbConnection failed to open the DB connection: could not find driver' in /var/www/yii/framework/db/CDbConnection.php:381
Stack trace:
#0 /var/www/yii/framework/db/CDbConnection.php(330): CDbConnection->open()
#1 /var/www/yii/framework/web/CDbHttpSession.php(185): CDbConnection->setActive(true)
#2 [internal function]: CDbHttpSession->openSession('/var/lib/php5', 'PHPSESSID')
#3 /var/www/yii/framework/web/CHttpSession.php(118): session_start()
#4 /var/www/yii/framework/web/CHttpSession.php(92): CHttpSession->open()
#5 /var/www/yii/framework/base/CModule.php(387): CHttpSession->init()
#6 /var/www/yii/framework/web/CWebApplication.php(201): CModule->getComponent('session')
#7 /var/www/yii/framework/web/auth/CWebUser.php(193): CWebApplication->getSession()
#8 /var/www/yii/framework/base/CModule.php(387): CWebUser->init()
#9 /var/www/yii/framework/base/CModule.php(103): CModule->getComponent('user')
#10 /var/www/login/protected/models/LoginForm.php(71): CModule->__get('user')
#11 /var/www/login/protected/controllers/SiteController.php(58): LoginForm->login()
#12 /var/www/login/protected/controllers/SiteController.php(38): SiteController->actionLogin()
#13 /var/www/yii/framework/web/actions/CInlineAction.php(49): SiteController->actionIndex()
#14 /var/www/yii/framework/web/CController.php(308): CInlineAction->runWithParams(Array)
#15 /var/www/yii/framework/web/CController.php(286): CController->runAction(Object(CInlineAction))
#16 /var/www/yii/framework/web/CController.php(265): CController->runActionWithFilters(Object(CInlineAction), Array)
#17 /var/www/yii/framework/web/CWebApplication.php(282): CController->run('')
#18 /var/www/yii/framework/web/CWebApplication.php(141): CWebApplication->runController('')
#19 /var/www/yii/framework/base/CApplication.php(169): CWebApplication->processRequest()
#20 /var/www/login/index.php(13): CApplication->run()
#21 {main}
REQUEST_URI=/login/
HTTP_REFERER=http://localhost/login/
---
2013/01/29 00:06:03 [error] [system.db.CDbCommand] CDbCommand::execute() failed: SQLSTATE[42S02]: Base table or view not found: 1146 Table 'verientouch.session_table' doesn't exist. The SQL statement executed was: DELETE FROM `session_table` WHERE expire<:expire.
in /var/www/login/protected/models/LoginForm.php (71)
in /var/www/login/protected/controllers/SiteController.php (58)
in /var/www/login/protected/controllers/SiteController.php (38)
2013/01/29 00:15:57 [error] [php] implode(): Invalid arguments passed (/var/www/login/protected/components/UserIdentity.php:44)
Stack trace:
#0 /var/www/login/protected/models/LoginForm.php(52): UserIdentity->authenticate()
#1 /var/www/yii/framework/validators/CInlineValidator.php(42): LoginForm->authenticate()
#2 /var/www/yii/framework/validators/CValidator.php(213): CInlineValidator->validateAttribute()
#3 /var/www/yii/framework/base/CModel.php(159): CInlineValidator->validate()
#4 /var/www/login/protected/controllers/SiteController.php(58): LoginForm->validate()
#5 /var/www/login/protected/controllers/SiteController.php(38): SiteController->actionLogin()
#6 /var/www/yii/framework/web/actions/CInlineAction.php(49): SiteController->actionIndex()
#7 /var/www/yii/framework/web/CController.php(308): CInlineAction->runWithParams()
#8 /var/www/yii/framework/web/CController.php(286): SiteController->runAction()
#9 /var/www/yii/framework/web/CController.php(265): SiteController->runActionWithFilters()
#10 /var/www/yii/framework/web/CWebApplication.php(282): SiteController->run()
#11 /var/www/yii/framework/web/CWebApplication.php(141): CWebApplication->runController()
#12 /var/www/yii/framework/base/CApplication.php(169): CWebApplication->processRequest()
#13 /var/www/login/index.php(13): CWebApplication->run()
REQUEST_URI=/login/
in /var/www/login/protected/components/UserIdentity.php (44)
in /var/www/login/protected/components/UserIdentity.php (23)
in /var/www/login/protected/models/LoginForm.php (52)
2013/01/29 00:17:24 [error] [php] implode(): Invalid arguments passed (/var/www/login/protected/components/UserIdentity.php:45)
Stack trace:
#0 /var/www/login/protected/models/LoginForm.php(52): UserIdentity->authenticate()
#1 /var/www/yii/framework/validators/CInlineValidator.php(42): LoginForm->authenticate()
#2 /var/www/yii/framework/validators/CValidator.php(213): CInlineValidator->validateAttribute()
#3 /var/www/yii/framework/base/CModel.php(159): CInlineValidator->validate()
#4 /var/www/login/protected/controllers/SiteController.php(58): LoginForm->validate()
#5 /var/www/login/protected/controllers/SiteController.php(38): SiteController->actionLogin()
#6 /var/www/yii/framework/web/actions/CInlineAction.php(49): SiteController->actionIndex()
#7 /var/www/yii/framework/web/CController.php(308): CInlineAction->runWithParams()
#8 /var/www/yii/framework/web/CController.php(286): SiteController->runAction()
#9 /var/www/yii/framework/web/CController.php(265): SiteController->runActionWithFilters()
#10 /var/www/yii/framework/web/CWebApplication.php(282): SiteController->run()
#11 /var/www/yii/framework/web/CWebApplication.php(141): CWebApplication->runController()
#12 /var/www/yii/framework/base/CApplication.php(169): CWebApplication->processRequest()
#13 /var/www/login/index.php(13): CWebApplication->run()
REQUEST_URI=/login/
in /var/www/login/protected/components/UserIdentity.php (45)
in /var/www/login/protected/components/UserIdentity.php (23)
in /var/www/login/protected/models/LoginForm.php (52)
2013/01/29 21:43:26 [error] [php] include(User.php): failed to open stream: No such file or directory (/var/www/yii/framework/YiiBase.php:421)
Stack trace:
#0 /var/www/login/protected/components/UserIdentity.php(22): spl_autoload_call()
#1 /var/www/login/protected/models/LoginForm.php(52): UserIdentity->authenticate()
#2 /var/www/yii/framework/validators/CInlineValidator.php(42): LoginForm->authenticate()
#3 /var/www/yii/framework/validators/CValidator.php(213): CInlineValidator->validateAttribute()
#4 /var/www/yii/framework/base/CModel.php(159): CInlineValidator->validate()
#5 /var/www/login/protected/controllers/SiteController.php(58): LoginForm->validate()
#6 /var/www/login/protected/controllers/SiteController.php(38): SiteController->actionLogin()
#7 /var/www/yii/framework/web/actions/CInlineAction.php(49): SiteController->actionIndex()
#8 /var/www/yii/framework/web/CController.php(308): CInlineAction->runWithParams()
#9 /var/www/yii/framework/web/CController.php(286): SiteController->runAction()
#10 /var/www/yii/framework/web/CController.php(265): SiteController->runActionWithFilters()
#11 /var/www/yii/framework/web/CWebApplication.php(282): SiteController->run()
#12 /var/www/yii/framework/web/CWebApplication.php(141): CWebApplication->runController()
#13 /var/www/yii/framework/base/CApplication.php(169): CWebApplication->processRequest()
#14 /var/www/login/index.php(13): CWebApplication->run()
REQUEST_URI=/login/
in /var/www/login/protected/components/UserIdentity.php (22)
in /var/www/login/protected/models/LoginForm.php (52)
in /var/www/login/protected/controllers/SiteController.php (58)
2013/01/29 21:44:55 [error] [php] Trying to get property of non-object (/var/www/login/protected/components/UserIdentity.php:25)
Stack trace:
#0 /var/www/yii/framework/validators/CValidator.php(213): CInlineValidator->validateAttribute()
#1 /var/www/yii/framework/base/CModel.php(159): CInlineValidator->validate()
#2 /var/www/login/protected/controllers/SiteController.php(58): LoginForm->validate()
#3 /var/www/login/protected/controllers/SiteController.php(38): SiteController->actionLogin()
#4 /var/www/yii/framework/web/actions/CInlineAction.php(49): SiteController->actionIndex()
#5 /var/www/yii/framework/web/CController.php(308): CInlineAction->runWithParams()
#6 /var/www/yii/framework/web/CController.php(286): SiteController->runAction()
#7 /var/www/yii/framework/web/CController.php(265): SiteController->runActionWithFilters()
#8 /var/www/yii/framework/web/CWebApplication.php(282): SiteController->run()
#9 /var/www/yii/framework/web/CWebApplication.php(141): CWebApplication->runController()
#10 /var/www/yii/framework/base/CApplication.php(169): CWebApplication->processRequest()
#11 /var/www/login/index.php(13): CWebApplication->run()
REQUEST_URI=/login/
in /var/www/login/protected/components/UserIdentity.php (25)
in /var/www/login/protected/models/LoginForm.php (52)
in /var/www/login/protected/controllers/SiteController.php (58)
2013/01/29 21:46:00 [error] [php] implode(): Invalid arguments passed (/var/www/login/protected/components/UserIdentity.php:66)
Stack trace:
#0 /var/www/login/protected/models/LoginForm.php(52): UserIdentity->authenticate()
#1 /var/www/yii/framework/validators/CInlineValidator.php(42): LoginForm->authenticate()
#2 /var/www/yii/framework/validators/CValidator.php(213): CInlineValidator->validateAttribute()
#3 /var/www/yii/framework/base/CModel.php(159): CInlineValidator->validate()
#4 /var/www/login/protected/controllers/SiteController.php(58): LoginForm->validate()
#5 /var/www/login/protected/controllers/SiteController.php(38): SiteController->actionLogin()
#6 /var/www/yii/framework/web/actions/CInlineAction.php(49): SiteController->actionIndex()
#7 /var/www/yii/framework/web/CController.php(308): CInlineAction->runWithParams()
#8 /var/www/yii/framework/web/CController.php(286): SiteController->runAction()
#9 /var/www/yii/framework/web/CController.php(265): SiteController->runActionWithFilters()
#10 /var/www/yii/framework/web/CWebApplication.php(282): SiteController->run()
#11 /var/www/yii/framework/web/CWebApplication.php(141): CWebApplication->runController()
#12 /var/www/yii/framework/base/CApplication.php(169): CWebApplication->processRequest()
#13 /var/www/login/index.php(13): CWebApplication->run()
REQUEST_URI=/login/
in /var/www/login/protected/components/UserIdentity.php (66)
in /var/www/login/protected/components/UserIdentity.php (22)
in /var/www/login/protected/models/LoginForm.php (52)
2013/01/29 21:46:49 [error] [php] Trying to get property of non-object (/var/www/login/protected/components/UserIdentity.php:25)
Stack trace:
#0 /var/www/yii/framework/validators/CValidator.php(213): CInlineValidator->validateAttribute()
#1 /var/www/yii/framework/base/CModel.php(159): CInlineValidator->validate()
#2 /var/www/login/protected/controllers/SiteController.php(58): LoginForm->validate()
#3 /var/www/login/protected/controllers/SiteController.php(38): SiteController->actionLogin()
#4 /var/www/yii/framework/web/actions/CInlineAction.php(49): SiteController->actionIndex()
#5 /var/www/yii/framework/web/CController.php(308): CInlineAction->runWithParams()
#6 /var/www/yii/framework/web/CController.php(286): SiteController->runAction()
#7 /var/www/yii/framework/web/CController.php(265): SiteController->runActionWithFilters()
#8 /var/www/yii/framework/web/CWebApplication.php(282): SiteController->run()
#9 /var/www/yii/framework/web/CWebApplication.php(141): CWebApplication->runController()
#10 /var/www/yii/framework/base/CApplication.php(169): CWebApplication->processRequest()
#11 /var/www/login/index.php(13): CWebApplication->run()
REQUEST_URI=/login/
in /var/www/login/protected/components/UserIdentity.php (25)
in /var/www/login/protected/models/LoginForm.php (52)
in /var/www/login/protected/controllers/SiteController.php (58)
2013/03/07 22:36:42 [error] [exception.CException] exception 'CException' with message 'CHttpSession.savePath "/home/u475416855/cache/" is not a valid directory.' in /var/yii/framework/web/CHttpSession.php:221
Stack trace:
#0 /var/yii/framework/base/CComponent.php(152): CHttpSession->setSavePath('/home/u47541685...')
#1 /var/yii/framework/YiiBase.php(220): CComponent->__set('savePath', '/home/u47541685...')
#2 /var/yii/framework/base/CModule.php(386): YiiBase::createComponent(Array)
#3 /var/yii/framework/web/CWebApplication.php(201): CModule->getComponent('session')
#4 /var/yii/framework/web/auth/CWebUser.php(193): CWebApplication->getSession()
#5 /var/yii/framework/base/CModule.php(387): CWebUser->init()
#6 /var/yii/framework/base/CModule.php(103): CModule->getComponent('user')
#7 /var/www/login/protected/models/LoginForm.php(55): CModule->__get('user')
#8 /var/yii/framework/validators/CInlineValidator.php(42): LoginForm->authenticate('password', Array)
#9 /var/yii/framework/validators/CValidator.php(213): CInlineValidator->validateAttribute(Object(LoginForm), 'password')
#10 /var/yii/framework/base/CModel.php(159): CValidator->validate(Object(LoginForm), NULL)
#11 /var/www/login/protected/controllers/SiteController.php(58): CModel->validate()
#12 /var/www/login/protected/controllers/SiteController.php(38): SiteController->actionLogin()
#13 /var/yii/framework/web/actions/CInlineAction.php(49): SiteController->actionIndex()
#14 /var/yii/framework/web/CController.php(308): CInlineAction->runWithParams(Array)
#15 /var/yii/framework/web/CController.php(286): CController->runAction(Object(CInlineAction))
#16 /var/yii/framework/web/CController.php(265): CController->runActionWithFilters(Object(CInlineAction), Array)
#17 /var/yii/framework/web/CWebApplication.php(282): CController->run('')
#18 /var/yii/framework/web/CWebApplication.php(141): CWebApplication->runController('')
#19 /var/yii/framework/base/CApplication.php(169): CWebApplication->processRequest()
#20 /var/www/login/index.php(13): CApplication->run()
#21 {main}
REQUEST_URI=/
HTTP_REFERER=http://www.login.verientouch.com/
---
